Determining if the pthread_create exist failed with the following output:
Change Dir: /home/wanggong/ORB_SLAM2_keyframe/build/CMakeFiles/CMakeTmp

Run Build Command(s):/usr/bin/make cmTC_25a8d/fast 
/usr/bin/make -f CMakeFiles/cmTC_25a8d.dir/build.make CMakeFiles/cmTC_25a8d.dir/build
make[1]: Entering directory '/home/wanggong/ORB_SLAM2_keyframe/build/CMakeFiles/CMakeTmp'
Building C object CMakeFiles/cmTC_25a8d.dir/CheckSymbolExists.c.o
/usr/bin/cc   -Wall  -O3 -march=native     -o CMakeFiles/cmTC_25a8d.dir/CheckSymbolExists.c.o   -c /home/wanggong/ORB_SLAM2_keyframe/build/CMakeFiles/CMakeTmp/CheckSymbolExists.c
Linking C executable cmTC_25a8d
/usr/local/bin/cmake -E cmake_link_script CMakeFiles/cmTC_25a8d.dir/link.txt --verbose=1
/usr/bin/cc   -Wall  -O3 -march=native      -rdynamic CMakeFiles/cmTC_25a8d.dir/CheckSymbolExists.c.o  -o cmTC_25a8d 
CMakeFiles/cmTC_25a8d.dir/CheckSymbolExists.c.o：在函数‘main’中：
CheckSymbolExists.c:(.text.startup+0x6)：对‘pthread_create’未定义的引用
collect2: error: ld returned 1 exit status
CMakeFiles/cmTC_25a8d.dir/build.make:86: recipe for target 'cmTC_25a8d' failed
make[1]: *** [cmTC_25a8d] Error 1
make[1]: Leaving directory '/home/wanggong/ORB_SLAM2_keyframe/build/CMakeFiles/CMakeTmp'
Makefile:121: recipe for target 'cmTC_25a8d/fast' failed
make: *** [cmTC_25a8d/fast] Error 2

File /home/wanggong/ORB_SLAM2_keyframe/build/CMakeFiles/CMakeTmp/CheckSymbolExists.c:
/* */
#include <pthread.h>

int main(int argc, char** argv)
{
  (void)argv;
#ifndef pthread_create
  return ((int*)(&pthread_create))[argc];
#else
  (void)argc;
  return 0;
#endif
}

Determining if the function pthread_create exists in the pthreads failed with the following output:
Change Dir: /home/wanggong/ORB_SLAM2_keyframe/build/CMakeFiles/CMakeTmp

Run Build Command(s):/usr/bin/make cmTC_74d9c/fast 
/usr/bin/make -f CMakeFiles/cmTC_74d9c.dir/build.make CMakeFiles/cmTC_74d9c.dir/build
make[1]: Entering directory '/home/wanggong/ORB_SLAM2_keyframe/build/CMakeFiles/CMakeTmp'
Building C object CMakeFiles/cmTC_74d9c.dir/CheckFunctionExists.c.o
/usr/bin/cc   -Wall  -O3 -march=native  -DCHECK_FUNCTION_EXISTS=pthread_create   -o CMakeFiles/cmTC_74d9c.dir/CheckFunctionExists.c.o   -c /usr/local/share/cmake-3.14/Modules/CheckFunctionExists.c
Linking C executable cmTC_74d9c
/usr/local/bin/cmake -E cmake_link_script CMakeFiles/cmTC_74d9c.dir/link.txt --verbose=1
/usr/bin/cc   -Wall  -O3 -march=native  -DCHECK_FUNCTION_EXISTS=pthread_create    -rdynamic CMakeFiles/cmTC_74d9c.dir/CheckFunctionExists.c.o  -o cmTC_74d9c -lpthreads 
/usr/bin/ld: 找不到 -lpthreads
collect2: error: ld returned 1 exit status
CMakeFiles/cmTC_74d9c.dir/build.make:86: recipe for target 'cmTC_74d9c' failed
make[1]: *** [cmTC_74d9c] Error 1
make[1]: Leaving directory '/home/wanggong/ORB_SLAM2_keyframe/build/CMakeFiles/CMakeTmp'
Makefile:121: recipe for target 'cmTC_74d9c/fast' failed
make: *** [cmTC_74d9c/fast] Error 2


