Determining if the pthread_create exist failed with the following output:
Change Dir: /home/wanggong/ORB_SLAM2_keyframe/Examples/ROS/ORB_SLAM2/build/CMakeFiles/CMakeTmp

Run Build Command(s):/usr/bin/make cmTC_70cbb/fast 
/usr/bin/make -f CMakeFiles/cmTC_70cbb.dir/build.make CMakeFiles/cmTC_70cbb.dir/build
make[1]: Entering directory '/home/wanggong/ORB_SLAM2_keyframe/Examples/ROS/ORB_SLAM2/build/CMakeFiles/CMakeTmp'
Building C object CMakeFiles/cmTC_70cbb.dir/CheckSymbolExists.c.o
/usr/bin/cc    -o CMakeFiles/cmTC_70cbb.dir/CheckSymbolExists.c.o   -c /home/wanggong/ORB_SLAM2_keyframe/Examples/ROS/ORB_SLAM2/build/CMakeFiles/CMakeTmp/CheckSymbolExists.c
Linking C executable cmTC_70cbb
/usr/local/bin/cmake -E cmake_link_script CMakeFiles/cmTC_70cbb.dir/link.txt --verbose=1
/usr/bin/cc      -rdynamic CMakeFiles/cmTC_70cbb.dir/CheckSymbolExists.c.o  -o cmTC_70cbb 
CMakeFiles/cmTC_70cbb.dir/CheckSymbolExists.c.o：在函数‘main’中：
CheckSymbolExists.c:(.text+0x16)：对‘pthread_create’未定义的引用
collect2: error: ld returned 1 exit status
CMakeFiles/cmTC_70cbb.dir/build.make:86: recipe for target 'cmTC_70cbb' failed
make[1]: *** [cmTC_70cbb] Error 1
make[1]: Leaving directory '/home/wanggong/ORB_SLAM2_keyframe/Examples/ROS/ORB_SLAM2/build/CMakeFiles/CMakeTmp'
Makefile:121: recipe for target 'cmTC_70cbb/fast' failed
make: *** [cmTC_70cbb/fast] Error 2

File /home/wanggong/ORB_SLAM2_keyframe/Examples/ROS/ORB_SLAM2/build/CMakeFiles/CMakeTmp/CheckSymbolExists.c:
/* */
#include <pthread.h>

int main(int argc, char** argv)
{
  (void)argv;
#ifndef pthread_create
  return ((int*)(&pthread_create))[argc];
#else
  (void)argc;
  return 0;
#endif
}

Determining if the function pthread_create exists in the pthreads failed with the following output:
Change Dir: /home/wanggong/ORB_SLAM2_keyframe/Examples/ROS/ORB_SLAM2/build/CMakeFiles/CMakeTmp

Run Build Command(s):/usr/bin/make cmTC_b32d4/fast 
/usr/bin/make -f CMakeFiles/cmTC_b32d4.dir/build.make CMakeFiles/cmTC_b32d4.dir/build
make[1]: Entering directory '/home/wanggong/ORB_SLAM2_keyframe/Examples/ROS/ORB_SLAM2/build/CMakeFiles/CMakeTmp'
Building C object CMakeFiles/cmTC_b32d4.dir/CheckFunctionExists.c.o
/usr/bin/cc   -DCHECK_FUNCTION_EXISTS=pthread_create   -o CMakeFiles/cmTC_b32d4.dir/CheckFunctionExists.c.o   -c /usr/local/share/cmake-3.14/Modules/CheckFunctionExists.c
Linking C executable cmTC_b32d4
/usr/local/bin/cmake -E cmake_link_script CMakeFiles/cmTC_b32d4.dir/link.txt --verbose=1
/usr/bin/cc  -DCHECK_FUNCTION_EXISTS=pthread_create    -rdynamic CMakeFiles/cmTC_b32d4.dir/CheckFunctionExists.c.o  -o cmTC_b32d4 -lpthreads 
/usr/bin/ld: 找不到 -lpthreads
collect2: error: ld returned 1 exit status
CMakeFiles/cmTC_b32d4.dir/build.make:86: recipe for target 'cmTC_b32d4' failed
make[1]: *** [cmTC_b32d4] Error 1
make[1]: Leaving directory '/home/wanggong/ORB_SLAM2_keyframe/Examples/ROS/ORB_SLAM2/build/CMakeFiles/CMakeTmp'
Makefile:121: recipe for target 'cmTC_b32d4/fast' failed
make: *** [cmTC_b32d4/fast] Error 2


